<?xml version="1.0" encoding="UTF-8"?>
<!-- Generated by org.testng.reporters.JUnitXMLReporter -->
<testsuite ignored="0" hostname="Kartiks-MacBook-Air.local" failures="0" tests="2" name="Authentication Tests" time="66.481" errors="0" timestamp="2026-04-29T03:29:07 IST">
  <testcase classname="io.cucumber.testng.AbstractTestNGCucumberTests" name="runScenario" time="35.502"/>
  <testcase classname="io.cucumber.testng.AbstractTestNGCucumberTests" name="runScenario" time="30.659"/>
</testsuite> <!-- Authentication Tests -->
