<?xml version="1.0" encoding="UTF-8"?>
<testng-results ignored="0" total="2" passed="2" failed="0" skipped="0">
  <reporter-output>
  </reporter-output>
  <suite started-at="2026-04-29T03:28:00 IST" name="Aybee Auth Suite" finished-at="2026-04-29T03:29:07 IST" duration-ms="66481">
    <groups>
      <group name="cucumber">
        <method signature="AbstractTestNGCucumberTests.runScenario(io.cucumber.testng.PickleWrapper,io.cucumber.testng.FeatureWrapper)[pri:0, instance:com.aybee.runner.TestRunner@29176cc1]" name="runScenario" class="io.cucumber.testng.AbstractTestNGCucumberTests"/>
      </group> <!-- cucumber -->
    </groups>
    <test started-at="2026-04-29T03:28:00 IST" name="Authentication Tests" finished-at="2026-04-29T03:29:07 IST" duration-ms="66481">
      <class name="com.aybee.runner.TestRunner">
        <test-method is-config="true" signature="setUpClass(org.testng.ITestContext)[pri:0, instance:com.aybee.runner.TestRunner@29176cc1]" started-at="2026-04-29T03:28:00 IST" name="setUpClass" finished-at="2026-04-29T03:28:01 IST" duration-ms="264" status="PASS">
          <params>
            <param index="0">
              <value>
                <![CDATA[org.testng.TestRunner@4bdf]]>
              </value>
            </param>
          </params>
          <reporter-output>
          </reporter-output>
        </test-method> <!-- setUpClass -->
        <test-method signature="runScenario(io.cucumber.testng.PickleWrapper,io.cucumber.testng.FeatureWrapper)[pri:0, instance:com.aybee.runner.TestRunner@29176cc1]" started-at="2026-04-29T03:28:01 IST" name="runScenario" description="Runs Cucumber Scenarios" data-provider="scenarios" finished-at="2026-04-29T03:28:36 IST" duration-ms="35502" status="PASS">
          <params>
            <param index="0">
              <value>
                <![CDATA["New user accepts an email invitation and lands on the dashboard"]]>
              </value>
            </param>
            <param index="1">
              <value>
                <![CDATA["Email Invite — Accept Invitation Page for New and Existing Users"]]>
              </value>
            </param>
          </params>
          <reporter-output>
          </reporter-output>
        </test-method> <!-- runScenario -->
        <test-method signature="runScenario(io.cucumber.testng.PickleWrapper,io.cucumber.testng.FeatureWrapper)[pri:0, instance:com.aybee.runner.TestRunner@29176cc1]" started-at="2026-04-29T03:28:36 IST" name="runScenario" description="Runs Cucumber Scenarios" data-provider="scenarios" finished-at="2026-04-29T03:29:07 IST" duration-ms="30659" status="PASS">
          <params>
            <param index="0">
              <value>
                <![CDATA["Already registered user sees a browser alert when accepting an email invitation"]]>
              </value>
            </param>
            <param index="1">
              <value>
                <![CDATA["Email Invite — Accept Invitation Page for New and Existing Users"]]>
              </value>
            </param>
          </params>
          <reporter-output>
          </reporter-output>
        </test-method> <!-- runScenario -->
        <test-method is-config="true" signature="tearDownClass()[pri:0, instance:com.aybee.runner.TestRunner@29176cc1]" started-at="2026-04-29T03:29:07 IST" name="tearDownClass" finished-at="2026-04-29T03:29:07 IST" duration-ms="36" status="PASS">
          <reporter-output>
          </reporter-output>
        </test-method> <!-- tearDownClass -->
      </class> <!-- com.aybee.runner.TestRunner -->
    </test> <!-- Authentication Tests -->
  </suite> <!-- Aybee Auth Suite -->
</testng-results>
