<?xml version="1.0" encoding="UTF-8"?>
<!-- Generated by org.testng.reporters.JUnitReportReporter -->
<testsuite hostname="Kartiks-MacBook-Air.local" failures="0" tests="2" name="com.aybee.runner.TestRunner" time="66.161" errors="0" timestamp="2026-04-29T03:29:07 IST" skipped="0">
  <testcase classname="com.aybee.runner.TestRunner" name="runScenario" time="35.502"/>
  <testcase classname="com.aybee.runner.TestRunner" name="runScenario" time="30.659"/>
</testsuite> <!-- com.aybee.runner.TestRunner -->
